C:\Users\Stefan\Documents\GitHub\Licenta\LicentaAll\SPA\src\app\Services\AuthService.js
C:\Users\Stefan\Documents\GitHub\Licenta\LicentaAll\SPA\src\app\Services\AuthService.js.map
C:\Users\Stefan\Documents\GitHub\Licenta\LicentaAll\SPA\src\app\Components\app.component.js
C:\Users\Stefan\Documents\GitHub\Licenta\LicentaAll\SPA\src\app\Components\app.component.js.map
C:\Users\Stefan\Documents\GitHub\Licenta\LicentaAll\SPA\src\app\Components\welcome.component.js
C:\Users\Stefan\Documents\GitHub\Licenta\LicentaAll\SPA\src\app\Components\welcome.component.js.map
C:\Users\Stefan\Documents\GitHub\Licenta\LicentaAll\SPA\src\app\Components\authZeroCallback.component.js
C:\Users\Stefan\Documents\GitHub\Licenta\LicentaAll\SPA\src\app\Components\authZeroCallback.component.js.map
C:\Users\Stefan\Documents\GitHub\Licenta\LicentaAll\SPA\src\app\app.module.js
C:\Users\Stefan\Documents\GitHub\Licenta\LicentaAll\SPA\src\app\app.module.js.map
C:\Users\Stefan\Documents\GitHub\Licenta\LicentaAll\SPA\src\main.js
C:\Users\Stefan\Documents\GitHub\Licenta\LicentaAll\SPA\src\main.js.map
C:\Users\Stefan\Documents\GitHub\Licenta\LicentaAll\SPA\src\app\Components\app.component.js
C:\Users\Stefan\Documents\GitHub\Licenta\LicentaAll\SPA\src\app\Components\app.component.js.map
C:\Users\Stefan\Documents\GitHub\Licenta\LicentaAll\SPA\src\app\Services\AuthService.js
C:\Users\Stefan\Documents\GitHub\Licenta\LicentaAll\SPA\src\app\Services\AuthService.js.map
C:\Users\Stefan\Documents\GitHub\Licenta\LicentaAll\SPA\src\app\Interfaces\Interfaces.js
C:\Users\Stefan\Documents\GitHub\Licenta\LicentaAll\SPA\src\app\Interfaces\Interfaces.js.map
C:\Users\Stefan\Documents\GitHub\Licenta\LicentaAll\SPA\src\app\Services\ReviewService.js
C:\Users\Stefan\Documents\GitHub\Licenta\LicentaAll\SPA\src\app\Services\ReviewService.js.map
C:\Users\Stefan\Documents\GitHub\Licenta\LicentaAll\SPA\src\app\Services\ProductService.js
C:\Users\Stefan\Documents\GitHub\Licenta\LicentaAll\SPA\src\app\Services\ProductService.js.map
C:\Users\Stefan\Documents\GitHub\Licenta\LicentaAll\SPA\src\app\Services\ShoppingCartService.js
C:\Users\Stefan\Documents\GitHub\Licenta\LicentaAll\SPA\src\app\Services\ShoppingCartService.js.map
C:\Users\Stefan\Documents\GitHub\Licenta\LicentaAll\SPA\src\app\Components\navbar.component.js
C:\Users\Stefan\Documents\GitHub\Licenta\LicentaAll\SPA\src\app\Components\navbar.component.js.map
C:\Users\Stefan\Documents\GitHub\Licenta\LicentaAll\SPA\src\app\Components\welcome.component.js
C:\Users\Stefan\Documents\GitHub\Licenta\LicentaAll\SPA\src\app\Components\welcome.component.js.map
C:\Users\Stefan\Documents\GitHub\Licenta\LicentaAll\SPA\src\app\Components\authZeroCallback.component.js
C:\Users\Stefan\Documents\GitHub\Licenta\LicentaAll\SPA\src\app\Components\authZeroCallback.component.js.map
C:\Users\Stefan\Documents\GitHub\Licenta\LicentaAll\SPA\src\app\Services\SlideService.js
C:\Users\Stefan\Documents\GitHub\Licenta\LicentaAll\SPA\src\app\Services\SlideService.js.map
C:\Users\Stefan\Documents\GitHub\Licenta\LicentaAll\SPA\src\app\Components\slideshow.component.js
C:\Users\Stefan\Documents\GitHub\Licenta\LicentaAll\SPA\src\app\Components\slideshow.component.js.map
C:\Users\Stefan\Documents\GitHub\Licenta\LicentaAll\SPA\src\app\Components\slide.component.js
C:\Users\Stefan\Documents\GitHub\Licenta\LicentaAll\SPA\src\app\Components\slide.component.js.map
C:\Users\Stefan\Documents\GitHub\Licenta\LicentaAll\SPA\src\app\Components\products.component.js
C:\Users\Stefan\Documents\GitHub\Licenta\LicentaAll\SPA\src\app\Components\products.component.js.map
C:\Users\Stefan\Documents\GitHub\Licenta\LicentaAll\SPA\src\app\Components\productcard.component.js
C:\Users\Stefan\Documents\GitHub\Licenta\LicentaAll\SPA\src\app\Components\productcard.component.js.map
C:\Users\Stefan\Documents\GitHub\Licenta\LicentaAll\SPA\src\app\Components\addproduct.component.js
C:\Users\Stefan\Documents\GitHub\Licenta\LicentaAll\SPA\src\app\Components\addproduct.component.js.map
C:\Users\Stefan\Documents\GitHub\Licenta\LicentaAll\SPA\src\app\Components\shoppingcart.component.js
C:\Users\Stefan\Documents\GitHub\Licenta\LicentaAll\SPA\src\app\Components\shoppingcart.component.js.map
C:\Users\Stefan\Documents\GitHub\Licenta\LicentaAll\SPA\src\app\app.module.js
C:\Users\Stefan\Documents\GitHub\Licenta\LicentaAll\SPA\src\app\app.module.js.map
C:\Users\Stefan\Documents\GitHub\Licenta\LicentaAll\SPA\src\main.js
C:\Users\Stefan\Documents\GitHub\Licenta\LicentaAll\SPA\src\main.js.map
C:\Users\Stefan\Documents\GitHub\Licenta\LicentaAll\SPA\src\app\Components\ratingdisplay.component.js
C:\Users\Stefan\Documents\GitHub\Licenta\LicentaAll\SPA\src\app\Components\ratingdisplay.component.js.map
C:\Users\Stefan\Documents\GitHub\Licenta\LicentaAll\SPA\src\app\Components\app.component.js
C:\Users\Stefan\Documents\GitHub\Licenta\LicentaAll\SPA\src\app\Components\app.component.js.map
C:\Users\Stefan\Documents\GitHub\Licenta\LicentaAll\SPA\src\app\Services\AuthService.js
C:\Users\Stefan\Documents\GitHub\Licenta\LicentaAll\SPA\src\app\Services\AuthService.js.map
C:\Users\Stefan\Documents\GitHub\Licenta\LicentaAll\SPA\src\app\Interfaces\Interfaces.js
C:\Users\Stefan\Documents\GitHub\Licenta\LicentaAll\SPA\src\app\Interfaces\Interfaces.js.map
C:\Users\Stefan\Documents\GitHub\Licenta\LicentaAll\SPA\src\app\Services\ReviewService.js
C:\Users\Stefan\Documents\GitHub\Licenta\LicentaAll\SPA\src\app\Services\ReviewService.js.map
C:\Users\Stefan\Documents\GitHub\Licenta\LicentaAll\SPA\src\app\Services\ProductService.js
C:\Users\Stefan\Documents\GitHub\Licenta\LicentaAll\SPA\src\app\Services\ProductService.js.map
C:\Users\Stefan\Documents\GitHub\Licenta\LicentaAll\SPA\src\app\Services\ShoppingCartService.js
C:\Users\Stefan\Documents\GitHub\Licenta\LicentaAll\SPA\src\app\Services\ShoppingCartService.js.map
C:\Users\Stefan\Documents\GitHub\Licenta\LicentaAll\SPA\src\app\Components\navbar.component.js
C:\Users\Stefan\Documents\GitHub\Licenta\LicentaAll\SPA\src\app\Components\navbar.component.js.map
C:\Users\Stefan\Documents\GitHub\Licenta\LicentaAll\SPA\src\app\Components\welcome.component.js
C:\Users\Stefan\Documents\GitHub\Licenta\LicentaAll\SPA\src\app\Components\welcome.component.js.map
C:\Users\Stefan\Documents\GitHub\Licenta\LicentaAll\SPA\src\app\Components\authZeroCallback.component.js
C:\Users\Stefan\Documents\GitHub\Licenta\LicentaAll\SPA\src\app\Components\authZeroCallback.component.js.map
C:\Users\Stefan\Documents\GitHub\Licenta\LicentaAll\SPA\src\app\Services\SlideService.js
C:\Users\Stefan\Documents\GitHub\Licenta\LicentaAll\SPA\src\app\Services\SlideService.js.map
C:\Users\Stefan\Documents\GitHub\Licenta\LicentaAll\SPA\src\app\Components\slideshow.component.js
C:\Users\Stefan\Documents\GitHub\Licenta\LicentaAll\SPA\src\app\Components\slideshow.component.js.map
C:\Users\Stefan\Documents\GitHub\Licenta\LicentaAll\SPA\src\app\Components\slide.component.js
C:\Users\Stefan\Documents\GitHub\Licenta\LicentaAll\SPA\src\app\Components\slide.component.js.map
C:\Users\Stefan\Documents\GitHub\Licenta\LicentaAll\SPA\src\app\Components\products.component.js
C:\Users\Stefan\Documents\GitHub\Licenta\LicentaAll\SPA\src\app\Components\products.component.js.map
C:\Users\Stefan\Documents\GitHub\Licenta\LicentaAll\SPA\src\app\Components\productcard.component.js
C:\Users\Stefan\Documents\GitHub\Licenta\LicentaAll\SPA\src\app\Components\productcard.component.js.map
C:\Users\Stefan\Documents\GitHub\Licenta\LicentaAll\SPA\src\app\Components\addproduct.component.js
C:\Users\Stefan\Documents\GitHub\Licenta\LicentaAll\SPA\src\app\Components\addproduct.component.js.map
C:\Users\Stefan\Documents\GitHub\Licenta\LicentaAll\SPA\src\app\Components\shoppingcart.component.js
C:\Users\Stefan\Documents\GitHub\Licenta\LicentaAll\SPA\src\app\Components\shoppingcart.component.js.map
C:\Users\Stefan\Documents\GitHub\Licenta\LicentaAll\SPA\src\app\app.module.js
C:\Users\Stefan\Documents\GitHub\Licenta\LicentaAll\SPA\src\app\app.module.js.map
C:\Users\Stefan\Documents\GitHub\Licenta\LicentaAll\SPA\src\main.js
C:\Users\Stefan\Documents\GitHub\Licenta\LicentaAll\SPA\src\main.js.map
C:\Users\Stefan\Documents\GitHub\Licenta\LicentaAll\SPA\src\app\Components\ratingdisplay.component.js
C:\Users\Stefan\Documents\GitHub\Licenta\LicentaAll\SPA\src\app\Components\ratingdisplay.component.js.map
