6/3/2017 12:38:38 PM	This log contains information about the import schema operation into project 'Database' on computer 'STEFAN-LT' by user 'Stefan'.
6/3/2017 12:38:39 PM	Import of database schema has started.
6/3/2017 12:38:43 PM	Gathering database options
6/3/2017 12:38:43 PM	Gathering users
6/3/2017 12:38:43 PM	Gathering roles
6/3/2017 12:38:43 PM	Gathering application roles
6/3/2017 12:38:43 PM	Gathering role memberships
6/3/2017 12:38:43 PM	Gathering filegroups
6/3/2017 12:38:43 PM	Gathering full-text catalogs
6/3/2017 12:38:43 PM	Gathering assemblies
6/3/2017 12:38:43 PM	Gathering certificates
6/3/2017 12:38:43 PM	Gathering asymmetric keys
6/3/2017 12:38:43 PM	Gathering symmetric keys
6/3/2017 12:38:43 PM	Gathering encrypted symmetric keys
6/3/2017 12:38:43 PM	Gathering schemas
6/3/2017 12:38:43 PM	Gathering XML schema collections
6/3/2017 12:38:43 PM	Gathering user-defined data types
6/3/2017 12:38:43 PM	Gathering user-defined types
6/3/2017 12:38:43 PM	Gathering table types
6/3/2017 12:38:43 PM	Gathering unique keys for table types
6/3/2017 12:38:43 PM	Gathering primary keys for table types
6/3/2017 12:38:43 PM	Gathering indexes for table types
6/3/2017 12:38:43 PM	Gathering check constraints for table types
6/3/2017 12:38:43 PM	Gathering default constraints for table types
6/3/2017 12:38:43 PM	Gathering partition functions
6/3/2017 12:38:43 PM	Gathering partition schemes
6/3/2017 12:38:43 PM	Gathering functions
6/3/2017 12:38:43 PM	Gathering encrypted functions
6/3/2017 12:38:43 PM	Gathering aggregates
6/3/2017 12:38:43 PM	Gathering procedures
6/3/2017 12:38:43 PM	Gathering encrypted procedures
6/3/2017 12:38:43 PM	Gathering tables
6/3/2017 12:38:43 PM	Gathering primary keys
6/3/2017 12:38:43 PM	Gathering unique constraints
6/3/2017 12:38:43 PM	Gathering foreign keys
6/3/2017 12:38:43 PM	Gathering default constraints
6/3/2017 12:38:43 PM	Gathering check constraints
6/3/2017 12:38:43 PM	Gathering views
6/3/2017 12:38:43 PM	Gathering encrypted views
6/3/2017 12:38:43 PM	Gathering indexes
6/3/2017 12:38:43 PM	Gathering statistics
6/3/2017 12:38:43 PM	Gathering full-text index stoplists
6/3/2017 12:38:43 PM	Gathering search property lists
6/3/2017 12:38:43 PM	Gathering search properties
6/3/2017 12:38:43 PM	Gathering full-text indexes
6/3/2017 12:38:43 PM	Gathering column store indexes
6/3/2017 12:38:43 PM	Gathering spatial indexes
6/3/2017 12:38:43 PM	Gathering XML indexes
6/3/2017 12:38:43 PM	Gathering Selective XML indexes
6/3/2017 12:38:43 PM	Gathering encrypted triggers
6/3/2017 12:38:43 PM	Gathering triggers
6/3/2017 12:38:43 PM	Gathering encrypted and clr ddl triggers
6/3/2017 12:38:43 PM	Gathering ddl triggers
6/3/2017 12:38:43 PM	Gathering synonyms
6/3/2017 12:38:43 PM	Gathering defaults
6/3/2017 12:38:43 PM	Gathering data constraint uddt bindings
6/3/2017 12:38:43 PM	Gathering rules
6/3/2017 12:38:43 PM	Gathering data constraint uddt bindings
6/3/2017 12:38:43 PM	Gathering message types
6/3/2017 12:38:43 PM	Gathering queues
6/3/2017 12:38:43 PM	Gathering contracts
6/3/2017 12:38:43 PM	Gathering services
6/3/2017 12:38:43 PM	Gathering event notifications
6/3/2017 12:38:43 PM	Gathering remote service bindings
6/3/2017 12:38:43 PM	Gathering broker priorities
6/3/2017 12:38:43 PM	Gathering signatures
6/3/2017 12:38:43 PM	Gathering data compression options
6/3/2017 12:38:43 PM	Gathering sequence types
6/3/2017 12:38:43 PM	Gathering extended properties
6/3/2017 12:38:43 PM	Gathering credentials
6/3/2017 12:38:43 PM	Gathering logins
6/3/2017 12:38:43 PM	Gathering server audits
6/3/2017 12:38:44 PM	Scanning project for duplicate elements
6/3/2017 12:38:44 PM	Finished duplicate element processing
6/3/2017 12:38:44 PM	Finished importing database.
6/3/2017 12:38:44 PM	A summary of the import was saved to the following location: C:\Users\Stefan\Documents\GitHub\Licenta\LicentaMonolith\Database\Import Schema Logs\Database_20170603093838.log
6/3/2017 12:38:44 PM	Click Finish to continue...
