5/31/2017 3:34:25 AM	This log contains information about the import schema operation into project 'Licenta.Sales.Database' on computer 'STEFAN-LT' by user 'Stefan'.
5/31/2017 3:34:25 AM	Import of database schema has started.
5/31/2017 3:34:31 AM	Gathering database options
5/31/2017 3:34:31 AM	Gathering users
5/31/2017 3:34:31 AM	Gathering roles
5/31/2017 3:34:31 AM	Gathering application roles
5/31/2017 3:34:31 AM	Gathering role memberships
5/31/2017 3:34:31 AM	Gathering filegroups
5/31/2017 3:34:31 AM	Gathering full-text catalogs
5/31/2017 3:34:31 AM	Gathering assemblies
5/31/2017 3:34:31 AM	Gathering certificates
5/31/2017 3:34:31 AM	Gathering asymmetric keys
5/31/2017 3:34:31 AM	Gathering symmetric keys
5/31/2017 3:34:31 AM	Gathering encrypted symmetric keys
5/31/2017 3:34:31 AM	Gathering schemas
5/31/2017 3:34:32 AM	Gathering XML schema collections
5/31/2017 3:34:32 AM	Gathering user-defined data types
5/31/2017 3:34:32 AM	Gathering user-defined types
5/31/2017 3:34:32 AM	Gathering table types
5/31/2017 3:34:32 AM	Gathering unique keys for table types
5/31/2017 3:34:32 AM	Gathering primary keys for table types
5/31/2017 3:34:32 AM	Gathering indexes for table types
5/31/2017 3:34:32 AM	Gathering check constraints for table types
5/31/2017 3:34:32 AM	Gathering default constraints for table types
5/31/2017 3:34:32 AM	Gathering partition functions
5/31/2017 3:34:32 AM	Gathering partition schemes
5/31/2017 3:34:32 AM	Gathering functions
5/31/2017 3:34:32 AM	Gathering encrypted functions
5/31/2017 3:34:32 AM	Gathering aggregates
5/31/2017 3:34:32 AM	Gathering procedures
5/31/2017 3:34:32 AM	Gathering encrypted procedures
5/31/2017 3:34:32 AM	Gathering tables
5/31/2017 3:34:32 AM	Gathering primary keys
5/31/2017 3:34:32 AM	Gathering unique constraints
5/31/2017 3:34:32 AM	Gathering foreign keys
5/31/2017 3:34:32 AM	Gathering default constraints
5/31/2017 3:34:32 AM	Gathering check constraints
5/31/2017 3:34:32 AM	Gathering views
5/31/2017 3:34:32 AM	Gathering encrypted views
5/31/2017 3:34:58 AM	Gathering indexes
5/31/2017 3:34:58 AM	Gathering statistics
5/31/2017 3:34:58 AM	Gathering full-text index stoplists
5/31/2017 3:34:58 AM	Gathering search property lists
5/31/2017 3:34:58 AM	Gathering search properties
5/31/2017 3:34:58 AM	Gathering full-text indexes
5/31/2017 3:34:58 AM	Gathering column store indexes
5/31/2017 3:34:58 AM	Gathering spatial indexes
5/31/2017 3:34:58 AM	Gathering XML indexes
5/31/2017 3:35:19 AM	Gathering Selective XML indexes
5/31/2017 3:35:19 AM	Gathering encrypted triggers
5/31/2017 3:35:19 AM	Gathering triggers
5/31/2017 3:35:19 AM	Gathering encrypted and clr ddl triggers
5/31/2017 3:35:19 AM	Gathering ddl triggers
5/31/2017 3:35:19 AM	Gathering synonyms
5/31/2017 3:35:19 AM	Gathering defaults
5/31/2017 3:35:19 AM	Gathering data constraint uddt bindings
5/31/2017 3:35:19 AM	Gathering rules
5/31/2017 3:35:19 AM	Gathering data constraint uddt bindings
5/31/2017 3:35:19 AM	Gathering message types
5/31/2017 3:35:19 AM	Gathering queues
5/31/2017 3:35:19 AM	Gathering contracts
5/31/2017 3:35:19 AM	Gathering services
5/31/2017 3:35:19 AM	Gathering event notifications
5/31/2017 3:35:19 AM	Gathering remote service bindings
5/31/2017 3:35:19 AM	Gathering broker priorities
5/31/2017 3:35:19 AM	Gathering signatures
5/31/2017 3:35:19 AM	Gathering data compression options
5/31/2017 3:35:19 AM	Gathering sequence types
5/31/2017 3:35:19 AM	Gathering extended properties
5/31/2017 3:35:19 AM	Gathering credentials
5/31/2017 3:35:19 AM	Gathering logins
5/31/2017 3:35:19 AM	Gathering server audits
5/31/2017 3:35:20 AM	Scanning project for duplicate elements
5/31/2017 3:35:20 AM	Finished duplicate element processing
5/31/2017 3:35:20 AM	Finished importing database.
5/31/2017 3:35:20 AM	A summary of the import was saved to the following location: C:\Users\Stefan\Documents\GitHub\Licenta\LicentaAll\Licenta.Sales.Database\Import Schema Logs\Licenta.Sales.Databa_20170531123425.log
5/31/2017 3:35:20 AM	Click Finish to continue...
