5/29/2017 4:10:49 PM	This log contains information about the import schema operation into project 'Licenta.Products.Database' on computer 'STEFAN-LT' by user 'Stefan'.
5/29/2017 4:10:50 PM	Import of database schema has started.
5/29/2017 4:10:54 PM	Gathering database options
5/29/2017 4:10:54 PM	Gathering users
5/29/2017 4:10:54 PM	Gathering roles
5/29/2017 4:10:54 PM	Gathering application roles
5/29/2017 4:10:54 PM	Gathering role memberships
5/29/2017 4:10:54 PM	Gathering filegroups
5/29/2017 4:10:54 PM	Gathering full-text catalogs
5/29/2017 4:10:54 PM	Gathering assemblies
5/29/2017 4:10:54 PM	Gathering certificates
5/29/2017 4:10:54 PM	Gathering asymmetric keys
5/29/2017 4:10:54 PM	Gathering symmetric keys
5/29/2017 4:10:54 PM	Gathering encrypted symmetric keys
5/29/2017 4:10:54 PM	Gathering schemas
5/29/2017 4:10:54 PM	Gathering XML schema collections
5/29/2017 4:10:54 PM	Gathering user-defined data types
5/29/2017 4:10:54 PM	Gathering user-defined types
5/29/2017 4:10:54 PM	Gathering table types
5/29/2017 4:10:54 PM	Gathering unique keys for table types
5/29/2017 4:10:54 PM	Gathering primary keys for table types
5/29/2017 4:10:54 PM	Gathering indexes for table types
5/29/2017 4:10:54 PM	Gathering check constraints for table types
5/29/2017 4:10:54 PM	Gathering default constraints for table types
5/29/2017 4:10:54 PM	Gathering partition functions
5/29/2017 4:10:54 PM	Gathering partition schemes
5/29/2017 4:10:54 PM	Gathering functions
5/29/2017 4:10:54 PM	Gathering encrypted functions
5/29/2017 4:10:54 PM	Gathering aggregates
5/29/2017 4:10:54 PM	Gathering procedures
5/29/2017 4:10:54 PM	Gathering encrypted procedures
5/29/2017 4:10:54 PM	Gathering tables
5/29/2017 4:10:54 PM	Gathering primary keys
5/29/2017 4:10:54 PM	Gathering unique constraints
5/29/2017 4:10:54 PM	Gathering foreign keys
5/29/2017 4:10:54 PM	Gathering default constraints
5/29/2017 4:10:54 PM	Gathering check constraints
5/29/2017 4:10:54 PM	Gathering views
5/29/2017 4:10:54 PM	Gathering encrypted views
5/29/2017 4:10:54 PM	Gathering indexes
5/29/2017 4:10:54 PM	Gathering statistics
5/29/2017 4:10:54 PM	Gathering full-text index stoplists
5/29/2017 4:10:54 PM	Gathering search property lists
5/29/2017 4:10:54 PM	Gathering search properties
5/29/2017 4:10:54 PM	Gathering full-text indexes
5/29/2017 4:10:54 PM	Gathering column store indexes
5/29/2017 4:10:54 PM	Gathering spatial indexes
5/29/2017 4:10:54 PM	Gathering XML indexes
5/29/2017 4:10:54 PM	Gathering Selective XML indexes
5/29/2017 4:10:54 PM	Gathering encrypted triggers
5/29/2017 4:10:54 PM	Gathering triggers
5/29/2017 4:10:54 PM	Gathering encrypted and clr ddl triggers
5/29/2017 4:10:54 PM	Gathering ddl triggers
5/29/2017 4:10:54 PM	Gathering synonyms
5/29/2017 4:10:54 PM	Gathering defaults
5/29/2017 4:10:54 PM	Gathering data constraint uddt bindings
5/29/2017 4:10:54 PM	Gathering rules
5/29/2017 4:10:54 PM	Gathering data constraint uddt bindings
5/29/2017 4:10:54 PM	Gathering message types
5/29/2017 4:10:54 PM	Gathering queues
5/29/2017 4:10:54 PM	Gathering contracts
5/29/2017 4:10:54 PM	Gathering services
5/29/2017 4:10:54 PM	Gathering event notifications
5/29/2017 4:10:54 PM	Gathering remote service bindings
5/29/2017 4:10:54 PM	Gathering broker priorities
5/29/2017 4:10:54 PM	Gathering signatures
5/29/2017 4:10:54 PM	Gathering data compression options
5/29/2017 4:10:54 PM	Gathering sequence types
5/29/2017 4:10:54 PM	Gathering extended properties
5/29/2017 4:10:54 PM	Gathering credentials
5/29/2017 4:10:54 PM	Gathering logins
5/29/2017 4:10:54 PM	Gathering server audits
5/29/2017 4:10:55 PM	Scanning project for duplicate elements
5/29/2017 4:10:55 PM	Finished duplicate element processing
5/29/2017 4:10:55 PM	Finished importing database.
5/29/2017 4:10:55 PM	A summary of the import was saved to the following location: C:\Users\Stefan\Documents\GitHub\Licenta\LicentaAll\Licenta.Products.Database\Import Schema Logs\Licenta.Products.Dat_20170529011049.log
5/29/2017 4:10:55 PM	Click Finish to continue...
