5/30/2017 2:32:32 AM	This log contains information about the import schema operation into project 'Licenta.ProductView' on computer 'STEFAN-LT' by user 'Stefan'.
5/30/2017 2:32:32 AM	Import of database schema has started.
5/30/2017 2:32:37 AM	Gathering database options
5/30/2017 2:32:37 AM	Gathering users
5/30/2017 2:32:37 AM	Gathering roles
5/30/2017 2:32:37 AM	Gathering application roles
5/30/2017 2:32:37 AM	Gathering role memberships
5/30/2017 2:32:37 AM	Gathering filegroups
5/30/2017 2:32:37 AM	Gathering full-text catalogs
5/30/2017 2:32:37 AM	Gathering assemblies
5/30/2017 2:32:37 AM	Gathering certificates
5/30/2017 2:32:37 AM	Gathering asymmetric keys
5/30/2017 2:32:37 AM	Gathering symmetric keys
5/30/2017 2:32:37 AM	Gathering encrypted symmetric keys
5/30/2017 2:32:37 AM	Gathering schemas
5/30/2017 2:32:37 AM	Gathering XML schema collections
5/30/2017 2:32:37 AM	Gathering user-defined data types
5/30/2017 2:32:37 AM	Gathering user-defined types
5/30/2017 2:32:37 AM	Gathering table types
5/30/2017 2:32:37 AM	Gathering unique keys for table types
5/30/2017 2:32:37 AM	Gathering primary keys for table types
5/30/2017 2:32:37 AM	Gathering indexes for table types
5/30/2017 2:32:37 AM	Gathering check constraints for table types
5/30/2017 2:32:37 AM	Gathering default constraints for table types
5/30/2017 2:32:37 AM	Gathering partition functions
5/30/2017 2:32:37 AM	Gathering partition schemes
5/30/2017 2:32:37 AM	Gathering functions
5/30/2017 2:32:37 AM	Gathering encrypted functions
5/30/2017 2:32:37 AM	Gathering aggregates
5/30/2017 2:32:37 AM	Gathering procedures
5/30/2017 2:32:37 AM	Gathering encrypted procedures
5/30/2017 2:32:37 AM	Gathering tables
5/30/2017 2:32:37 AM	Gathering primary keys
5/30/2017 2:32:37 AM	Gathering unique constraints
5/30/2017 2:32:37 AM	Gathering foreign keys
5/30/2017 2:32:37 AM	Gathering default constraints
5/30/2017 2:32:37 AM	Gathering check constraints
5/30/2017 2:32:37 AM	Gathering views
5/30/2017 2:32:37 AM	Gathering encrypted views
5/30/2017 2:32:37 AM	Gathering indexes
5/30/2017 2:32:37 AM	Gathering statistics
5/30/2017 2:32:37 AM	Gathering full-text index stoplists
5/30/2017 2:32:37 AM	Gathering search property lists
5/30/2017 2:32:37 AM	Gathering search properties
5/30/2017 2:32:37 AM	Gathering full-text indexes
5/30/2017 2:32:37 AM	Gathering column store indexes
5/30/2017 2:32:37 AM	Gathering spatial indexes
5/30/2017 2:32:37 AM	Gathering XML indexes
5/30/2017 2:32:37 AM	Gathering Selective XML indexes
5/30/2017 2:32:37 AM	Gathering encrypted triggers
5/30/2017 2:32:37 AM	Gathering triggers
5/30/2017 2:32:37 AM	Gathering encrypted and clr ddl triggers
5/30/2017 2:32:37 AM	Gathering ddl triggers
5/30/2017 2:32:37 AM	Gathering synonyms
5/30/2017 2:32:37 AM	Gathering defaults
5/30/2017 2:32:37 AM	Gathering data constraint uddt bindings
5/30/2017 2:32:37 AM	Gathering rules
5/30/2017 2:32:37 AM	Gathering data constraint uddt bindings
5/30/2017 2:32:37 AM	Gathering message types
5/30/2017 2:32:37 AM	Gathering queues
5/30/2017 2:32:37 AM	Gathering contracts
5/30/2017 2:32:37 AM	Gathering services
5/30/2017 2:32:37 AM	Gathering event notifications
5/30/2017 2:32:37 AM	Gathering remote service bindings
5/30/2017 2:32:37 AM	Gathering broker priorities
5/30/2017 2:32:37 AM	Gathering signatures
5/30/2017 2:32:37 AM	Gathering data compression options
5/30/2017 2:32:37 AM	Gathering sequence types
5/30/2017 2:32:37 AM	Gathering extended properties
5/30/2017 2:32:37 AM	Gathering credentials
5/30/2017 2:32:37 AM	Gathering logins
5/30/2017 2:32:37 AM	Gathering server audits
5/30/2017 2:32:38 AM	Finished importing database.
5/30/2017 2:32:38 AM	A summary of the import was saved to the following location: C:\Users\Stefan\Documents\GitHub\Licenta\LicentaAll\Licenta.ProductView\Import Schema Logs\Licenta.ProductView_20170529113232.log
5/30/2017 2:32:38 AM	Click Finish to continue...
